
> backend@1.0.0 start
> node dist/index.js

[dotenv@17.2.0] injecting env (5) from .env (tip: ⚙️  specify custom .env file path with { path: '/custom/path/.env' })
🗄️  Connected to Supabase database
[dotenv@17.2.0] injecting env (0) from .env (tip: ⚙️  override existing env vars with { override: true })
Routes imported successfully
🗄️  Using Supabase routes (full database functionality)
Registering auth routes...
Registering users routes...
Users routes mounted at /api/users
Registering groups routes...
Registering projects routes...
(node:90216) [DEP0040] DeprecationWarning: The `punycode` module is deprecated. Please use a userland alternative instead.
(Use `node --trace-deprecation ...` to show where the warning was created)
Server is running on port 3000
File upload attempt for project: 5d215235-deba-433b-b2f5-8e029f8e36c2
Filename: Banana-Single.jpg
MimeType: image/jpeg
FileSize: 2085213
File uploaded successfully to Supabase Storage
File upload attempt for project: 5d215235-deba-433b-b2f5-8e029f8e36c2
Filename: Banana-Single.jpg
MimeType: image/jpeg
FileSize: 2085213
File uploaded successfully to Supabase Storage
File upload attempt for project: 5d215235-deba-433b-b2f5-8e029f8e36c2
Filename: sample size calculation MMF.docx
MimeType: application/vnd.openxmlformats-officedocument.wordprocessingml.document
FileSize: 22783
File uploaded successfully to Supabase Storage
SUPABASE AUTH ROUTE: Login request received
SUPABASE AUTH ROUTE: Login request received
